Watching for file changes with StatReloader
D:\DEV\Prompeteer_Back\prompeteer_server\prompeteer_server\settings.py changed, reloading.
Watching for file changes with StatReloader
D:\DEV\Prompeteer_Back\prompeteer_server\prompeteer_server\settings.py changed, reloading.
Watching for file changes with StatReloader
D:\DEV\Prompeteer_Back\prompeteer_server\prompeteer_server\settings.py changed, reloading.
Watching for file changes with StatReloader
D:\DEV\Prompeteer_Back\prompeteer_server\prompeteer_server\settings.py changed, reloading.
Watching for file changes with StatReloader
D:\DEV\Prompeteer_Back\prompeteer_server\prompeteer_server\settings.py changed, reloading.
Watching for file changes with StatReloader
D:\DEV\Prompeteer_Back\prompeteer_server\prompeteer_server\settings.py changed, reloading.
Watching for file changes with StatReloader
D:\DEV\Prompeteer_Back\prompeteer_server\prompeteer_server\settings.py changed, reloading.
Watching for file changes with StatReloader
D:\DEV\Prompeteer_Back\prompeteer_server\prompeteer_server\settings.py changed, reloading.
Watching for file changes with StatReloader
D:\DEV\Prompeteer_Back\prompeteer_server\prompeteer_server\settings.py changed, reloading.
Watching for file changes with StatReloader
D:\DEV\Prompeteer_Back\prompeteer_server\prompeteer_server\settings.py changed, reloading.
Watching for file changes with StatReloader
D:\DEV\Prompeteer_Back\prompeteer_server\prompeteer_server\settings.py changed, reloading.
Watching for file changes with StatReloader
D:\DEV\Prompeteer_Back\prompeteer_server\auth_api\logger.py changed, reloading.
Watching for file changes with StatReloader
D:\DEV\Prompeteer_Back\prompeteer_server\auth_api\views.py changed, reloading.
Watching for file changes with StatReloader
D:\DEV\Prompeteer_Back\prompeteer_server\auth_api\views.py changed, reloading.
Watching for file changes with StatReloader
Watching for file changes with StatReloader
Not Found: /health
"GET /health HTTP/1.1" 404 2352
D:\DEV\Prompeteer_Back\prompeteer_server\prompeteer_server\urls.py changed, reloading.
Watching for file changes with StatReloader
D:\DEV\Prompeteer_Back\prompeteer_server\prompeteer_server\urls.py changed, reloading.
Watching for file changes with StatReloader
D:\DEV\Prompeteer_Back\prompeteer_server\prompeteer_server\urls.py changed, reloading.
Watching for file changes with StatReloader
D:\DEV\Prompeteer_Back\prompeteer_server\prompeteer_server\urls.py changed, reloading.
Watching for file changes with StatReloader
D:\DEV\Prompeteer_Back\prompeteer_server\prompeteer_server\settings.py changed, reloading.
Watching for file changes with StatReloader
D:\DEV\Prompeteer_Back\prompeteer_server\prompeteer_server\settings.py changed, reloading.
Watching for file changes with StatReloader
"GET /auth/health HTTP/1.1" 301 0
Health check performed.
"GET /auth/health/ HTTP/1.1" 200 40
Watching for file changes with StatReloader
Watching for file changes with StatReloader
Watching for file changes with StatReloader
D:\DEV\Prompeteer_Back\prompeteer_server\prompeteer_server\settings.py changed, reloading.
Watching for file changes with StatReloader
"GET /auth/health HTTP/1.1" 301 0
Health check performed.
"GET /auth/health/ HTTP/1.1" 200 40
"GET /auth/health HTTP/1.1" 301 0
Health check performed.
"GET /auth/health/ HTTP/1.1" 200 40
"GET /auth/health HTTP/1.1" 301 0
"GET /auth/health HTTP/1.1" 301 0
"GET /auth/health HTTP/1.1" 301 0
"GET /auth/health HTTP/1.1" 301 0
"GET /auth/health HTTP/1.1" 301 0
"GET /auth/health HTTP/1.1" 301 0
"GET /auth/health HTTP/1.1" 301 0
Not Found: /
"GET / HTTP/1.1" 404 2318
Not Found: /favicon.ico
"GET /favicon.ico HTTP/1.1" 404 2369
Not Found: /auth
"GET /auth HTTP/1.1" 404 2348
"GET /auth/health HTTP/1.1" 301 0
Health check performed.
"GET /auth/health/ HTTP/1.1" 200 10068
"GET /static/rest_framework/css/bootstrap-tweaks.css HTTP/1.1" 200 3426
"GET /static/rest_framework/js/csrf.js HTTP/1.1" 200 1793
"GET /static/rest_framework/js/bootstrap.min.js HTTP/1.1" 200 39680
"GET /static/rest_framework/js/prettify-min.js HTTP/1.1" 200 13632
"GET /static/rest_framework/js/default.js HTTP/1.1" 200 1268
"GET /static/rest_framework/js/load-ajax-form.js HTTP/1.1" 200 59
"GET /static/rest_framework/css/default.css HTTP/1.1" 200 1152
"GET /static/rest_framework/css/bootstrap.min.css HTTP/1.1" 200 121457
"GET /static/rest_framework/js/ajax-form.js HTTP/1.1" 200 3796
"GET /static/rest_framework/css/prettify.css HTTP/1.1" 200 817
"GET /static/rest_framework/img/grid.png HTTP/1.1" 200 1458
"GET /static/rest_framework/js/jquery-3.7.1.min.js HTTP/1.1" 200 87533
Watching for file changes with StatReloader
"GET /auth/health HTTP/1.1" 301 0
Health check performed.
"GET /auth/health/ HTTP/1.1" 200 40
Watching for file changes with StatReloader
"GET /auth/health HTTP/1.1" 301 0
Health check performed.
"GET /auth/health/ HTTP/1.1" 200 40
Watching for file changes with StatReloader
"GET /auth/health HTTP/1.1" 301 0
Health check performed.
"GET /auth/health/ HTTP/1.1" 200 40
"GET /auth/health HTTP/1.1" 301 0
Health check performed.
"GET /auth/health/ HTTP/1.1" 200 40


"GET /auth/health HTTP/1.1" 301 0
Health check performed.
"GET /auth/health/ HTTP/1.1" 200 40
"GET /auth/health HTTP/1.1" 301 0
Health check performed.
"GET /auth/health/ HTTP/1.1" 200 40
Not Found: /
"GET / HTTP/1.1" 404 2316
Not Found: /favicon.ico
"GET /favicon.ico HTTP/1.1" 404 2367
Not Found: /auth/checkhealth
"GET /auth/checkhealth HTTP/1.1" 404 3276
Not Found: /auth/healthcheck
"GET /auth/healthcheck HTTP/1.1" 404 3276
"GET /auth/health HTTP/1.1" 301 0
Health check performed.
"GET /auth/health/ HTTP/1.1" 200 10068
"GET /static/rest_framework/css/bootstrap-tweaks.css HTTP/1.1" 200 3426
"GET /static/rest_framework/js/csrf.js HTTP/1.1" 200 1793
"GET /static/rest_framework/js/bootstrap.min.js HTTP/1.1" 200 39680
"GET /static/rest_framework/js/prettify-min.js HTTP/1.1" 200 13632
"GET /static/rest_framework/js/default.js HTTP/1.1" 200 1268
"GET /static/rest_framework/js/load-ajax-form.js HTTP/1.1" 200 59
"GET /static/rest_framework/css/bootstrap.min.css HTTP/1.1" 200 121457
"GET /static/rest_framework/css/prettify.css HTTP/1.1" 200 817
"GET /static/rest_framework/js/jquery-3.7.1.min.js HTTP/1.1" 200 87533
"GET /static/rest_framework/js/ajax-form.js HTTP/1.1" 200 3796
"GET /static/rest_framework/css/default.css HTTP/1.1" 200 1152
"GET /static/rest_framework/img/grid.png HTTP/1.1" 200 1458
Health check performed.
"GET /auth/health/ HTTP/1.1" 200 10068
Health check performed.
"GET /auth/health/ HTTP/1.1" 200 10068
Health check performed.
"GET /auth/health/ HTTP/1.1" 200 10068
Watching for file changes with StatReloader
Watching for file changes with StatReloader
Health check performed.
"GET /auth/health/ HTTP/1.1" 200 10068
"GET /static/rest_framework/js/jquery-3.7.1.min.js HTTP/1.1" 200 87533
"GET /static/rest_framework/js/csrf.js HTTP/1.1" 200 1793
"GET /static/rest_framework/css/bootstrap-tweaks.css HTTP/1.1" 200 3426
"GET /static/rest_framework/js/bootstrap.min.js HTTP/1.1" 200 39680
"GET /static/rest_framework/js/prettify-min.js HTTP/1.1" 200 13632
"GET /static/rest_framework/js/default.js HTTP/1.1" 200 1268
"GET /static/rest_framework/js/load-ajax-form.js HTTP/1.1" 200 59
"GET /static/rest_framework/css/default.css HTTP/1.1" 200 1152
"GET /static/rest_framework/css/bootstrap.min.css HTTP/1.1" 200 121457
"GET /static/rest_framework/css/prettify.css HTTP/1.1" 200 817
"GET /static/rest_framework/js/ajax-form.js HTTP/1.1" 200 3796
"GET /static/rest_framework/img/grid.png HTTP/1.1" 200 1458
Not Found: /favicon.ico
"GET /favicon.ico HTTP/1.1" 404 2367
"OPTIONS /auth/health/ HTTP/1.1" 200 10387
"OPTIONS /auth/health/ HTTP/1.1" 200 10387
Watching for file changes with StatReloader
"GET /auth/health HTTP/1.1" 301 0
Health check performed.
"GET /auth/health/ HTTP/1.1" 200 40
Watching for file changes with StatReloader
